<?xml version="1.0" encoding="UTF-8"?>
<coverage generated="1711540361162" clover="3.2.0">
  <project timestamp="1711540361162" name="All files">
    <metrics statements="17" coveredstatements="8" conditionals="0" coveredconditionals="0" methods="8" coveredmethods="2" elements="25" coveredelements="10" complexity="0" loc="17" ncloc="17" packages="2" files="3" classes="3"/>
    <package name="services">
      <metrics statements="14" coveredstatements="5" conditionals="0" coveredconditionals="0" methods="7" coveredmethods="1"/>
      <file name="internet.service.ts" path="/Users/pc/Desktop/Ionic/Beacon/src/app/services/internet.service.ts">
        <metrics statements="14" coveredstatements="5" conditionals="0" coveredconditionals="0" methods="7" coveredmethods="1"/>
        <line num="1" count="1" type="stmt"/>
        <line num="2" count="1" type="stmt"/>
        <line num="3" count="1" type="stmt"/>
        <line num="8" count="1" type="stmt"/>
        <line num="9" count="1" type="stmt"/>
        <line num="14" count="0" type="stmt"/>
        <line num="18" count="0" type="stmt"/>
        <line num="22" count="0" type="stmt"/>
        <line num="26" count="0" type="stmt"/>
        <line num="27" count="0" type="stmt"/>
        <line num="28" count="0" type="stmt"/>
        <line num="31" count="0" type="stmt"/>
        <line num="32" count="0" type="stmt"/>
        <line num="34" count="0" type="stmt"/>
      </file>
    </package>
    <package name="tabs">
      <metrics statements="3" coveredstatements="3" conditionals="0" coveredconditionals="0" methods="1" coveredmethods="1"/>
      <file name="tabs.page.html" path="/Users/pc/Desktop/Ionic/Beacon/src/app/tabs/tabs.page.html">
        <metrics statements="1" coveredstatements="1" conditionals="0" coveredconditionals="0" methods="0" coveredmethods="0"/>
        <line num="1" count="1" type="stmt"/>
      </file>
      <file name="tabs.page.ts" path="/Users/pc/Desktop/Ionic/Beacon/src/app/tabs/tabs.page.ts">
        <metrics statements="2" coveredstatements="2" conditionals="0" coveredconditionals="0" methods="1" coveredmethods="1"/>
        <line num="1" count="1" type="stmt"/>
        <line num="8" count="1" type="stmt"/>
      </file>
    </package>
  </project>
</coverage>
