{"/Users/pc/Desktop/Ionic/Beacon/src/app/services/internet.service.ts": {"path":"/Users/pc/Desktop/Ionic/Beacon/src/app/services/internet.service.ts","statementMap":{"0":{"start":{"line":1,"column":0},"end":{"line":1,"column":43}},"1":{"start":{"line":2,"column":0},"end":{"line":2,"column":45}},"2":{"start":{"line":3,"column":0},"end":{"line":3,"column":39}},"3":{"start":{"line":9,"column":10},"end":{"line":9,"column":63}},"4":{"start":{"line":14,"column":4},"end":{"line":14,"column":47}},"5":{"start":{"line":18,"column":4},"end":{"line":18,"column":47}},"6":{"start":{"line":22,"column":4},"end":{"line":22,"column":37}},"7":{"start":{"line":26,"column":4},"end":{"line":29,"column":7}},"8":{"start":{"line":27,"column":6},"end":{"line":27,"column":52}},"9":{"start":{"line":28,"column":6},"end":{"line":28,"column":26}},"10":{"start":{"line":31,"column":36},"end":{"line":35,"column":5}},"11":{"start":{"line":32,"column":21},"end":{"line":32,"column":46}},"12":{"start":{"line":34,"column":6},"end":{"line":34,"column":45}},"13":{"start":{"line":8,"column":13},"end":{"line":8,"column":28}},"14":{"start":{"line":8,"column":13},"end":{"line":37,"column":null}}},"fnMap":{"0":{"name":"(anonymous_0)","decl":{"start":{"line":11,"column":2},"end":{"line":11,"column":17}},"loc":{"start":{"line":11,"column":2},"end":{"line":11,"column":18}}},"1":{"name":"(anonymous_1)","decl":{"start":{"line":13,"column":2},"end":{"line":13,"column":8}},"loc":{"start":{"line":13,"column":15},"end":{"line":15,"column":3}}},"2":{"name":"(anonymous_2)","decl":{"start":{"line":17,"column":2},"end":{"line":17,"column":6}},"loc":{"start":{"line":17,"column":23},"end":{"line":19,"column":3}}},"3":{"name":"(anonymous_3)","decl":{"start":{"line":21,"column":2},"end":{"line":21,"column":21}},"loc":{"start":{"line":21,"column":27},"end":{"line":23,"column":3}}},"4":{"name":"(anonymous_4)","decl":{"start":{"line":25,"column":2},"end":{"line":25,"column":15}},"loc":{"start":{"line":25,"column":15},"end":{"line":36,"column":3}}},"5":{"name":"(anonymous_5)","decl":{"start":{"line":26,"column":47},"end":{"line":26,"column":48}},"loc":{"start":{"line":26,"column":58},"end":{"line":29,"column":5}}},"6":{"name":"(anonymous_6)","decl":{"start":{"line":31,"column":36},"end":{"line":31,"column":41}},"loc":{"start":{"line":31,"column":47},"end":{"line":35,"column":5}}}},"branchMap":{},"s":{"0":1,"1":1,"2":1,"3":1,"4":0,"5":0,"6":0,"7":0,"8":0,"9":0,"10":0,"11":0,"12":0,"13":1,"14":1},"f":{"0":1,"1":0,"2":0,"3":0,"4":0,"5":0,"6":0},"b":{}}
,"/Users/pc/Desktop/Ionic/Beacon/src/app/tabs/tabs.page.html": {"path":"/Users/pc/Desktop/Ionic/Beacon/src/app/tabs/tabs.page.html","statementMap":{"0":{"start":{"line":1,"column":0},"end":{"line":1,"column":466}}},"fnMap":{},"branchMap":{},"s":{"0":1},"f":{},"b":{},"_coverageSchema":"1a1c01bbd47fc00a2c39e90264f33305004495a9","hash":"6acb00cc6b72a181042645fd1e33ddcd6deed29c"}
,"/Users/pc/Desktop/Ionic/Beacon/src/app/tabs/tabs.page.ts": {"path":"/Users/pc/Desktop/Ionic/Beacon/src/app/tabs/tabs.page.ts","statementMap":{"0":{"start":{"line":1,"column":0},"end":{"line":1,"column":42}},"1":{"start":{"line":8,"column":13},"end":{"line":8,"column":21}},"2":{"start":{"line":8,"column":13},"end":{"line":10,"column":null}}},"fnMap":{"0":{"name":"(anonymous_0)","decl":{"start":{"line":9,"column":2},"end":{"line":9,"column":17}},"loc":{"start":{"line":9,"column":2},"end":{"line":9,"column":18}}}},"branchMap":{},"s":{"0":1,"1":1,"2":1},"f":{"0":1},"b":{}}
}
